\BOOKMARK [0][-]{section*.3}{\376\377\004\022\004\022\004\025\004\024\004\025\004\035\004\030\004\025}{}% 1
\BOOKMARK [0][-]{chapter.1}{\376\377\004\023\004\033\004\020\004\022\004\020\000\040\0001\000.\000\040\004\042\004\025\004\036\004\040\004\025\004\042\004\030\004\047\004\025\004\041\004\032\004\020\004\057\000\040\004\047\004\020\004\041\004\042\004\054\000.}{}% 2
\BOOKMARK [1][-]{section.1.1}{\376\377\004\042\004\065\004\105\004\075\004\070\004\107\004\065\004\101\004\072\004\076\004\065\000\040\004\067\004\060\004\064\004\060\004\075\004\070\004\065\000.}{chapter.1}% 3
\BOOKMARK [1][-]{section.1.2}{\376\377\004\023\004\100\004\060\004\104\004\070\004\107\004\065\004\101\004\072\004\060\004\117\000\040\004\061\004\070\004\061\004\073\004\070\004\076\004\102\004\065\004\072\004\060\000.}{chapter.1}% 4
\BOOKMARK [1][-]{section.1.3}{\376\377\004\030\004\075\004\101\004\102\004\100\004\103\004\074\004\065\004\075\004\102\004\060\004\100\004\070\004\071\000.}{chapter.1}% 5
\BOOKMARK [1][-]{section.1.4}{\376\377\004\030\004\063\004\100\004\060\000\040\000P\000a\000c\000-\000M\000a\000n\000.}{chapter.1}% 6
\BOOKMARK [2][-]{subsection.1.4.1}{\376\377\004\030\004\101\004\102\004\076\004\100\004\070\004\117\000\040\004\070\004\063\004\100\004\113\000.}{section.1.4}% 7
\BOOKMARK [2][-]{subsection.1.4.2}{\376\377\004\037\004\100\004\060\004\062\004\070\004\073\004\060\000\040\004\070\004\063\004\100\004\113\000.}{section.1.4}% 8
\BOOKMARK [0][-]{chapter.2}{\376\377\004\023\004\033\004\020\004\022\004\020\000\040\0002\000.\000\040\004\037\004\040\004\020\004\032\004\042\004\030\004\047\004\025\004\041\004\032\004\020\004\057\000\040\004\047\004\020\004\041\004\042\004\054\000.\000\040\004\055\004\042\004\020\004\037\004\053\000\040\004\040\004\020\004\027\004\040\004\020\004\021\004\036\004\042\004\032\004\030\000\040\004\030\004\023\004\040\004\053\000.}{}% 9
\BOOKMARK [1][-]{section.2.1}{\376\377\004\040\004\060\004\067\004\064\004\065\004\073\000\040\0001}{chapter.2}% 10
\BOOKMARK [2][-]{subsection.2.1.1}{\376\377\004\037\004\076\004\064\004\100\004\060\004\067\004\064\004\065\004\073\000\040\0001}{section.2.1}% 11
\BOOKMARK [2][-]{subsection.2.1.2}{\376\377\004\037\004\076\004\064\004\100\004\060\004\067\004\064\004\065\004\073\000\040\0002}{section.2.1}% 12
\BOOKMARK [1][-]{section.2.2}{\376\377\004\040\004\060\004\067\004\064\004\065\004\073\000\040\0002}{chapter.2}% 13
\BOOKMARK [2][-]{subsection.2.2.1}{\376\377\004\037\004\076\004\064\004\100\004\060\004\067\004\064\004\065\004\073\000\040\0001}{section.2.2}% 14
\BOOKMARK [2][-]{subsection.2.2.2}{\376\377\004\037\004\076\004\064\004\100\004\060\004\067\004\064\004\065\004\073\000\040\0002}{section.2.2}% 15
\BOOKMARK [0][-]{chapter.3}{\376\377\004\023\004\033\004\020\004\022\004\020\000\040\0003\000.\000\040\004\037\004\040\004\036\004\022\004\025\004\040\004\032\004\020\000\040\004\040\004\020\004\021\004\036\004\042\004\036\004\041\004\037\004\036\004\041\004\021\004\035\004\036\004\041\004\042\004\030\000\040\004\037\004\040\004\036\004\023\004\040\004\020\004\034\004\034\004\053\000.}{}% 16
\BOOKMARK [1][-]{section.3.1}{\376\377\004\040\004\060\004\067\004\064\004\065\004\073\000\040\0001}{chapter.3}% 17
\BOOKMARK [2][-]{subsection.3.1.1}{\376\377\004\037\004\076\004\064\004\100\004\060\004\067\004\064\004\065\004\073\000\040\0001}{section.3.1}% 18
\BOOKMARK [2][-]{subsection.3.1.2}{\376\377\004\037\004\076\004\064\004\100\004\060\004\067\004\064\004\065\004\073\000\040\0002}{section.3.1}% 19
\BOOKMARK [1][-]{section.3.2}{\376\377\004\040\004\060\004\067\004\064\004\065\004\073\000\040\0002}{chapter.3}% 20
\BOOKMARK [2][-]{subsection.3.2.1}{\376\377\004\037\004\076\004\064\004\100\004\060\004\067\004\064\004\065\004\073\000\040\0001}{section.3.2}% 21
\BOOKMARK [2][-]{subsection.3.2.2}{\376\377\004\037\004\076\004\064\004\100\004\060\004\067\004\064\004\065\004\073\000\040\0002}{section.3.2}% 22
\BOOKMARK [0][-]{section*.15}{\376\377\004\027\004\020\004\032\004\033\004\056\004\047\004\025\004\035\004\030\004\025}{}% 23
\BOOKMARK [0][-]{section*.16}{\376\377\004\041\004\037\004\030\004\041\004\036\004\032\000\040\004\030\004\041\004\037\004\036\004\033\004\054\004\027\004\036\004\022\004\020\004\035\004\035\004\036\004\031\000\040\004\033\004\030\004\042\004\025\004\040\004\020\004\042\004\043\004\040\004\053}{}% 24
\BOOKMARK [0][-]{appendix*.17}{\376\377\004\037\004\100\004\070\004\073\004\076\004\066\004\065\004\075\004\070\004\065}{}% 25
